<?xml version="1.0" encoding="UTF-8"?>
<!-- Generated by org.testng.reporters.JUnitReportReporter -->
<testsuite hostname="sohi" failures="0" tests="4" name="testLayer.LoginTest" time="7.809" errors="0" timestamp="2023-06-22T01:00:22 EDT" skipped="0">
  <testcase classname="testLayer.LoginTest" name="Title" time="2.471"/>
  <system-out/>
  <testcase classname="testLayer.LoginTest" name="Login" time="1.893"/>
  <system-out/>
  <testcase classname="testLayer.LoginTest" name="Login" time="1.697"/>
  <system-out/>
  <testcase classname="testLayer.LoginTest" name="Login" time="1.748"/>
  <system-out/>
</testsuite> <!-- testLayer.LoginTest -->
